../design-patterns/decorator.cpp:0:  No copyright message found.  You should have a line: "Copyright [year] <Copyright Owner>"  [legal/copyright] [5]
../design-patterns/decorator.cpp:15:  Redundant blank line at the end of a code block should be deleted.  [whitespace/blank_line] [3]
../design-patterns/decorator.cpp:20:  Single-parameter constructors should be marked explicit.  [runtime/explicit] [5]
../design-patterns/decorator.cpp:33:  Extra space before ( in function call  [whitespace/parens] [4]
../design-patterns/decorator.cpp:39:  Closing ) should be moved to the previous line  [whitespace/parens] [2]
Done processing ../design-patterns/decorator.cpp
../design-patterns/factory.cpp:0:  No copyright message found.  You should have a line: "Copyright [year] <Copyright Owner>"  [legal/copyright] [5]
../design-patterns/factory.cpp:22:  Redundant blank line at the end of a code block should be deleted.  [whitespace/blank_line] [3]
../design-patterns/factory.cpp:31:  An else should appear on the same line as the preceding }  [whitespace/newline] [4]
../design-patterns/factory.cpp:31:  If an else has a brace on one side, it should have it on both  [readability/braces] [5]
../design-patterns/factory.cpp:34:  An else should appear on the same line as the preceding }  [whitespace/newline] [4]
../design-patterns/factory.cpp:34:  If an else has a brace on one side, it should have it on both  [readability/braces] [5]
../design-patterns/factory.cpp:36:  Line ends in whitespace.  Consider deleting these extra spaces.  [whitespace/end_of_line] [4]
../design-patterns/factory.cpp:27:  Add #include <string> for string  [build/include_what_you_use] [4]
Done processing ../design-patterns/factory.cpp
../design-patterns/interfaces.cpp:0:  No copyright message found.  You should have a line: "Copyright [year] <Copyright Owner>"  [legal/copyright] [5]
../design-patterns/interfaces.cpp:4:  Found C system header after C++ system header. Should be: interfaces.h, c system, c++ system, other.  [build/include_order] [4]
../design-patterns/interfaces.cpp:16:  Weird number of spaces at line-start.  Are you using a 2-space indent?  [whitespace/indent] [3]
../design-patterns/interfaces.cpp:17:  Weird number of spaces at line-start.  Are you using a 2-space indent?  [whitespace/indent] [3]
../design-patterns/interfaces.cpp:20:  Line ends in whitespace.  Consider deleting these extra spaces.  [whitespace/end_of_line] [4]
../design-patterns/interfaces.cpp:34:  Redundant blank line at the start of a code block should be deleted.  [whitespace/blank_line] [2]
../design-patterns/interfaces.cpp:34:  Redundant blank line at the end of a code block should be deleted.  [whitespace/blank_line] [3]
../design-patterns/interfaces.cpp:56:  Line ends in whitespace.  Consider deleting these extra spaces.  [whitespace/end_of_line] [4]
../design-patterns/interfaces.cpp:56:  Redundant blank line at the end of a code block should be deleted.  [whitespace/blank_line] [3]
Done processing ../design-patterns/interfaces.cpp
../design-patterns/observer.cpp:0:  No copyright message found.  You should have a line: "Copyright [year] <Copyright Owner>"  [legal/copyright] [5]
../design-patterns/observer.cpp:4:  Found C system header after C++ system header. Should be: observer.h, c system, c++ system, other.  [build/include_order] [4]
../design-patterns/observer.cpp:5:  Found C system header after C++ system header. Should be: observer.h, c system, c++ system, other.  [build/include_order] [4]
../design-patterns/observer.cpp:25:  Missing space after ,  [whitespace/comma] [3]
../design-patterns/observer.cpp:33:  Redundant blank line at the end of a code block should be deleted.  [whitespace/blank_line] [3]
../design-patterns/observer.cpp:32:  Add #include <vector> for vector<>  [build/include_what_you_use] [4]
Done processing ../design-patterns/observer.cpp
Total errors found: 28
